{"/Users/siddharthlanka/Desktop/node-projects/socialcops-task/tests/api.test.js":{"path":"/Users/siddharthlanka/Desktop/node-projects/socialcops-task/tests/api.test.js","s":{"1":1,"2":1,"3":1,"4":1,"5":1,"6":1,"7":1,"8":1,"9":1,"10":1,"11":1,"12":1,"13":1,"14":1,"15":1,"16":1,"17":1,"18":1,"19":1,"20":1,"21":1,"22":1,"23":1,"24":1,"25":1,"26":1},"b":{},"f":{},"fnMap":{},"statementMap":{"1":{"start":{"line":1,"column":0},"end":{"line":1,"column":29}},"2":{"start":{"line":2,"column":0},"end":{"line":2,"column":38}},"3":{"start":{"line":4,"column":0},"end":{"line":4,"column":29}},"4":{"start":{"line":5,"column":0},"end":{"line":5,"column":19}},"5":{"start":{"line":7,"column":0},"end":{"line":7,"column":41}},"6":{"start":{"line":9,"column":0},"end":{"line":20,"column":3}},"7":{"start":{"line":10,"column":2},"end":{"line":19,"column":5}},"8":{"start":{"line":11,"column":4},"end":{"line":18,"column":9}},"9":{"start":{"line":15,"column":8},"end":{"line":15,"column":36}},"10":{"start":{"line":17,"column":8},"end":{"line":17,"column":15}},"11":{"start":{"line":22,"column":0},"end":{"line":22,"column":14}},"12":{"start":{"line":24,"column":0},"end":{"line":62,"column":3}},"13":{"start":{"line":25,"column":2},"end":{"line":40,"column":5}},"14":{"start":{"line":26,"column":4},"end":{"line":39,"column":9}},"15":{"start":{"line":35,"column":8},"end":{"line":35,"column":36}},"16":{"start":{"line":36,"column":8},"end":{"line":36,"column":42}},"17":{"start":{"line":37,"column":8},"end":{"line":37,"column":31}},"18":{"start":{"line":38,"column":8},"end":{"line":38,"column":15}},"19":{"start":{"line":42,"column":2},"end":{"line":51,"column":5}},"20":{"start":{"line":43,"column":4},"end":{"line":50,"column":9}},"21":{"start":{"line":48,"column":8},"end":{"line":48,"column":36}},"22":{"start":{"line":49,"column":8},"end":{"line":49,"column":15}},"23":{"start":{"line":53,"column":2},"end":{"line":61,"column":5}},"24":{"start":{"line":54,"column":4},"end":{"line":60,"column":9}},"25":{"start":{"line":58,"column":8},"end":{"line":58,"column":36}},"26":{"start":{"line":59,"column":8},"end":{"line":59,"column":15}}},"branchMap":{}}}